<?xml version="1.0" encoding="UTF-8"?>
<testsuite name="br.pokerhand.classificador.PokerHandClassificadorSpecification" tests="24" skipped="0" failures="0" errors="0" timestamp="2017-06-12T12:48:26" hostname="guthierrezsouza" time="0.045">
  <properties/>
  <testcase name="teste classificacao royal flush[0]" classname="br.pokerhand.classificador.PokerHandClassificadorSpecification" time="0.002"/>
  <testcase name="teste classificacao royal flush[1]" classname="br.pokerhand.classificador.PokerHandClassificadorSpecification" time="0.001"/>
  <testcase name="teste classificacao royal flush[2]" classname="br.pokerhand.classificador.PokerHandClassificadorSpecification" time="0.003"/>
  <testcase name="teste classificacao royal flush[3]" classname="br.pokerhand.classificador.PokerHandClassificadorSpecification" time="0.001"/>
  <testcase name="teste classificacao straight flush[0]" classname="br.pokerhand.classificador.PokerHandClassificadorSpecification" time="0.0"/>
  <testcase name="teste classificacao straight flush[1]" classname="br.pokerhand.classificador.PokerHandClassificadorSpecification" time="0.001"/>
  <testcase name="teste classificação quadra[0]" classname="br.pokerhand.classificador.PokerHandClassificadorSpecification" time="0.001"/>
  <testcase name="teste classificação quadra[1]" classname="br.pokerhand.classificador.PokerHandClassificadorSpecification" time="0.003"/>
  <testcase name="teste classificacao fullhouse[0]" classname="br.pokerhand.classificador.PokerHandClassificadorSpecification" time="0.001"/>
  <testcase name="teste classificacao fullhouse[1]" classname="br.pokerhand.classificador.PokerHandClassificadorSpecification" time="0.001"/>
  <testcase name="teste classificacao fullhouse[2]" classname="br.pokerhand.classificador.PokerHandClassificadorSpecification" time="0.002"/>
  <testcase name="teste classificacao flush[0]" classname="br.pokerhand.classificador.PokerHandClassificadorSpecification" time="0.001"/>
  <testcase name="teste classificacao flush[1]" classname="br.pokerhand.classificador.PokerHandClassificadorSpecification" time="0.001"/>
  <testcase name="teste classificacao sequencia[0]" classname="br.pokerhand.classificador.PokerHandClassificadorSpecification" time="0.002"/>
  <testcase name="teste classificacao sequencia[1]" classname="br.pokerhand.classificador.PokerHandClassificadorSpecification" time="0.002"/>
  <testcase name="teste classificacao trinca[0]" classname="br.pokerhand.classificador.PokerHandClassificadorSpecification" time="0.002"/>
  <testcase name="teste classificacao trinca[1]" classname="br.pokerhand.classificador.PokerHandClassificadorSpecification" time="0.001"/>
  <testcase name="teste classificacao dois pares[0]" classname="br.pokerhand.classificador.PokerHandClassificadorSpecification" time="0.001"/>
  <testcase name="teste classificacao dois pares[1]" classname="br.pokerhand.classificador.PokerHandClassificadorSpecification" time="0.001"/>
  <testcase name="teste classificacao dois pares[2]" classname="br.pokerhand.classificador.PokerHandClassificadorSpecification" time="0.001"/>
  <testcase name="teste um par[0]" classname="br.pokerhand.classificador.PokerHandClassificadorSpecification" time="0.001"/>
  <testcase name="teste um par[1]" classname="br.pokerhand.classificador.PokerHandClassificadorSpecification" time="0.003"/>
  <testcase name="teste um par[2]" classname="br.pokerhand.classificador.PokerHandClassificadorSpecification" time="0.002"/>
  <testcase name="teste classificação carta alta[0]" classname="br.pokerhand.classificador.PokerHandClassificadorSpecification" time="0.002"/>
  <system-out><![CDATA[]]></system-out>
  <system-err><![CDATA[]]></system-err>
</testsuite>
